目录: /root/autodl-tmp/Inpainting/DL3DV/D_train/D_imgs/2K
目标分辨率: 256
注意: 脚本开启了 --rm 参数，以下文件已被删除。
--------------------------------------------------
文件: /root/autodl-tmp/Inpainting/DL3DV/D_train/D_imgs/2K/0802e9d7123f0c5f8b28c0d9b2050b4d1c83f12668d37da50e702c993265df94/images_8/frame_00093.png
原因: cannot identify image file '/root/autodl-tmp/Inpainting/DL3DV/D_train/D_imgs/2K/0802e9d7123f0c5f8b28c0d9b2050b4d1c83f12668d37da50e702c993265df94/images_8/frame_00093.png'

文件: /root/autodl-tmp/Inpainting/DL3DV/D_train/D_imgs/2K/08fe6f2eb691422bf138f4eb24e2e33617a85515263586cc206e14e831ba2c33/images_8/frame_00255.png
原因: cannot identify image file '/root/autodl-tmp/Inpainting/DL3DV/D_train/D_imgs/2K/08fe6f2eb691422bf138f4eb24e2e33617a85515263586cc206e14e831ba2c33/images_8/frame_00255.png'

文件: /root/autodl-tmp/Inpainting/DL3DV/D_train/D_imgs/2K/132ac8b8d5b001acd009e1dda45f3fac7a403f90a1ce36463f33d4d2e9812c60/images_8/frame_00289.png
原因: cannot identify image file '/root/autodl-tmp/Inpainting/DL3DV/D_train/D_imgs/2K/132ac8b8d5b001acd009e1dda45f3fac7a403f90a1ce36463f33d4d2e9812c60/images_8/frame_00289.png'

文件: /root/autodl-tmp/Inpainting/DL3DV/D_train/D_imgs/2K/19166abfbd2df9c7d1142279041b95d605a565a8631384d43e039980b3a7c641/images_8/frame_00133.png
原因: cannot identify image file '/root/autodl-tmp/Inpainting/DL3DV/D_train/D_imgs/2K/19166abfbd2df9c7d1142279041b95d605a565a8631384d43e039980b3a7c641/images_8/frame_00133.png'

文件: /root/autodl-tmp/Inpainting/DL3DV/D_train/D_imgs/2K/203ef2cbe8cbd106907ddd4184a8be827d77a7ad6beb96f08dbc81a4b36416d8/images_8/frame_00061.png
原因: cannot identify image file '/root/autodl-tmp/Inpainting/DL3DV/D_train/D_imgs/2K/203ef2cbe8cbd106907ddd4184a8be827d77a7ad6beb96f08dbc81a4b36416d8/images_8/frame_00061.png'

文件: /root/autodl-tmp/Inpainting/DL3DV/D_train/D_imgs/2K/26443c312096ee75184e82a79bfaba454790d42ba2fc22febf06f535c701b5a7/images_8/frame_00163.png
原因: cannot identify image file '/root/autodl-tmp/Inpainting/DL3DV/D_train/D_imgs/2K/26443c312096ee75184e82a79bfaba454790d42ba2fc22febf06f535c701b5a7/images_8/frame_00163.png'

文件: /root/autodl-tmp/Inpainting/DL3DV/D_train/D_imgs/2K/2b08a068f557830d86d1b4ee32415478df08a25547e79db2c74a94293ec9f724/images_8/frame_00077.png
原因: cannot identify image file '/root/autodl-tmp/Inpainting/DL3DV/D_train/D_imgs/2K/2b08a068f557830d86d1b4ee32415478df08a25547e79db2c74a94293ec9f724/images_8/frame_00077.png'

文件: /root/autodl-tmp/Inpainting/DL3DV/D_train/D_imgs/2K/39696bc9399bfb2bbe1796fc8ff4b50c05483f899eb0533e7799b65297d215ce/images_8/frame_00293.png
原因: cannot identify image file '/root/autodl-tmp/Inpainting/DL3DV/D_train/D_imgs/2K/39696bc9399bfb2bbe1796fc8ff4b50c05483f899eb0533e7799b65297d215ce/images_8/frame_00293.png'

文件: /root/autodl-tmp/Inpainting/DL3DV/D_train/D_imgs/2K/3faa84ca98aa8d3794ea15d9b9ed61da35ae1755622af7857715a27ca61c7dea/images_8/frame_00191.png
原因: cannot identify image file '/root/autodl-tmp/Inpainting/DL3DV/D_train/D_imgs/2K/3faa84ca98aa8d3794ea15d9b9ed61da35ae1755622af7857715a27ca61c7dea/images_8/frame_00191.png'

文件: /root/autodl-tmp/Inpainting/DL3DV/D_train/D_imgs/2K/48353c680324621478cc61fbeff5cf02dcc5d035384042aa7474a3976654ced7/images_8/frame_00363.png
原因: cannot identify image file '/root/autodl-tmp/Inpainting/DL3DV/D_train/D_imgs/2K/48353c680324621478cc61fbeff5cf02dcc5d035384042aa7474a3976654ced7/images_8/frame_00363.png'

文件: /root/autodl-tmp/Inpainting/DL3DV/D_train/D_imgs/2K/4e5c5ebda53355a05fffef5293fef8d5728eb806952701cc13945d2123545eeb/images_8/frame_00285.png
原因: cannot identify image file '/root/autodl-tmp/Inpainting/DL3DV/D_train/D_imgs/2K/4e5c5ebda53355a05fffef5293fef8d5728eb806952701cc13945d2123545eeb/images_8/frame_00285.png'

