目录: /root/autodl-tmp/Inpainting/DL3DV/D_train/D_imgs/11K
目标分辨率: 256
注意: 脚本开启了 --rm 参数，以下文件已被删除。
--------------------------------------------------
文件: /root/autodl-tmp/Inpainting/DL3DV/D_train/D_imgs/11K/e51229d48c32f7780675c0d3007e3019187bf77ab501f95e722cb10885250a07/images_8/frame_00051.png
原因: cannot identify image file '/root/autodl-tmp/Inpainting/DL3DV/D_train/D_imgs/11K/e51229d48c32f7780675c0d3007e3019187bf77ab501f95e722cb10885250a07/images_8/frame_00051.png'

文件: /root/autodl-tmp/Inpainting/DL3DV/D_train/D_imgs/11K/e7d0c809243a82365eb5c5265263d9eb9363f2c268b773985da23ab0e9739ae1/images_8/frame_00035.png
原因: cannot identify image file '/root/autodl-tmp/Inpainting/DL3DV/D_train/D_imgs/11K/e7d0c809243a82365eb5c5265263d9eb9363f2c268b773985da23ab0e9739ae1/images_8/frame_00035.png'

文件: /root/autodl-tmp/Inpainting/DL3DV/D_train/D_imgs/11K/e5c3291b53ec34cf79bcdd19a9ed8335b116f91cb18b4be869169c4a0d0c4669/images_8/frame_00163.png
原因: cannot identify image file '/root/autodl-tmp/Inpainting/DL3DV/D_train/D_imgs/11K/e5c3291b53ec34cf79bcdd19a9ed8335b116f91cb18b4be869169c4a0d0c4669/images_8/frame_00163.png'

文件: /root/autodl-tmp/Inpainting/DL3DV/D_train/D_imgs/11K/e87cc481760a0205f6eb45de766f4054ed851b02e2832bcb81313d32bf1c9d8d/images_8/frame_00097.png
原因: cannot identify image file '/root/autodl-tmp/Inpainting/DL3DV/D_train/D_imgs/11K/e87cc481760a0205f6eb45de766f4054ed851b02e2832bcb81313d32bf1c9d8d/images_8/frame_00097.png'

文件: /root/autodl-tmp/Inpainting/DL3DV/D_train/D_imgs/11K/e9f364d158068b1ce86bc26522f29b1f824dba816c2b0a46c18dbcc08ceb3bd2/images_8/frame_00173.png
原因: cannot identify image file '/root/autodl-tmp/Inpainting/DL3DV/D_train/D_imgs/11K/e9f364d158068b1ce86bc26522f29b1f824dba816c2b0a46c18dbcc08ceb3bd2/images_8/frame_00173.png'

文件: /root/autodl-tmp/Inpainting/DL3DV/D_train/D_imgs/11K/eab51992ca6bc1401beaa19fa74d7315ec2965bc7ab0c956a74fc53b36bbd37a/images_8/frame_00189.png
原因: cannot identify image file '/root/autodl-tmp/Inpainting/DL3DV/D_train/D_imgs/11K/eab51992ca6bc1401beaa19fa74d7315ec2965bc7ab0c956a74fc53b36bbd37a/images_8/frame_00189.png'

文件: /root/autodl-tmp/Inpainting/DL3DV/D_train/D_imgs/11K/ed282d12af546bc237be5c4602860fbdb40c6a339cb05fbc4d4e525ba8360394/images_8/frame_00175.png
原因: cannot identify image file '/root/autodl-tmp/Inpainting/DL3DV/D_train/D_imgs/11K/ed282d12af546bc237be5c4602860fbdb40c6a339cb05fbc4d4e525ba8360394/images_8/frame_00175.png'

文件: /root/autodl-tmp/Inpainting/DL3DV/D_train/D_imgs/11K/ef33e3351bd39ec11507781779a217e9822fc4c978a3a35ca4f7178a8ff17828/images_8/frame_00063.png
原因: cannot identify image file '/root/autodl-tmp/Inpainting/DL3DV/D_train/D_imgs/11K/ef33e3351bd39ec11507781779a217e9822fc4c978a3a35ca4f7178a8ff17828/images_8/frame_00063.png'

文件: /root/autodl-tmp/Inpainting/DL3DV/D_train/D_imgs/11K/f02de5f9a7567723602031d115a995376f47bc8b6b46ac46d697ca5846977a49/images_8/frame_00001.png
原因: cannot identify image file '/root/autodl-tmp/Inpainting/DL3DV/D_train/D_imgs/11K/f02de5f9a7567723602031d115a995376f47bc8b6b46ac46d697ca5846977a49/images_8/frame_00001.png'

文件: /root/autodl-tmp/Inpainting/DL3DV/D_train/D_imgs/11K/f138024e2451dd6ec99cdfb4442f204b15014f67fae59c0a90b727af80b9879b/images_8/frame_00255.png
原因: cannot identify image file '/root/autodl-tmp/Inpainting/DL3DV/D_train/D_imgs/11K/f138024e2451dd6ec99cdfb4442f204b15014f67fae59c0a90b727af80b9879b/images_8/frame_00255.png'

